#
# There is insufficient memory for the Java Runtime Environment to continue.
# Native memory allocation (mmap) failed to map 268435456 bytes for Failed to commit area from 0x0000000700a00000 to 0x0000000710a00000 of length 268435456.
# Possible reasons:
#   The system is out of physical RAM or swap space
#   The process is running with CompressedOops enabled, and the Java Heap may be blocking the growth of the native heap
# Possible solutions:
#   Reduce memory load on the system
#   Increase physical memory or swap space
#   Check if swap backing store is full
#   Decrease Java heap size (-Xmx/-Xms)
#   Decrease number of Java threads
#   Decrease Java thread stack sizes (-Xss)
#   Set larger code cache with -XX:ReservedCodeCacheSize=
# This output file may be truncated or incomplete.
#
#  Out of Memory Error (./src/hotspot/os/windows/os_windows.cpp:3619), pid=14364, tid=6352
#
# JRE version:  (11.0.13) (build )
# Java VM: OpenJDK 64-Bit Server VM (11.0.13+0-b1751.21-8125866, mixed mode, sharing, tiered, compressed oops, g1 gc, windows-amd64)
# No core dump will be written. Minidumps are not enabled by default on client versions of Windows
#

---------------  S U M M A R Y ------------

Command Line: -Dorg.gradle.appname=gradlew org.gradle.wrapper.GradleWrapperMain -q -Ptarget-platform=android-arm64 -Ptarget=D:\flutter_workspace\flutter_project\vedanta_lrms-v1.0.1\lib\main.dart -Pbase-application-name=android.app.Application -Pdart-defines=Zmx1dHRlci5pbnNwZWN0b3Iuc3RydWN0dXJlZEVycm9ycz10cnVl,RkxVVFRFUl9XRUJfQVVUT19ERVRFQ1Q9dHJ1ZQ== -Pdart-obfuscation=false -Ptrack-widget-creation=true -Ptree-shake-icons=false -Pfilesystem-scheme=org-dartlang-root assembleDebug

Host: Intel(R) Core(TM) i7-2600 CPU @ 3.40GHz, 8 cores, 15G,  Windows 10 , 64 bit Build 19041 (10.0.19041.2364)
Time: Mon Feb  6 18:01:23 2023 India Standard Time elapsed time: 0.015068 seconds (0d 0h 0m 0s)

---------------  T H R E A D  ---------------

Current thread (0x0000018f398bd800):  JavaThread "Unknown thread" [_thread_in_vm, id=6352, stack(0x000000251eb00000,0x000000251ec00000)]

Stack: [0x000000251eb00000,0x000000251ec00000]
Native frames: (J=compiled Java code, j=interpreted, Vv=VM code, C=native code)
V  [jvm.dll+0x6100fa]
V  [jvm.dll+0x747090]
V  [jvm.dll+0x7486ad]
V  [jvm.dll+0x748d83]
V  [jvm.dll+0x24ab48]
V  [jvm.dll+0x60d164]
V  [jvm.dll+0x601e75]
V  [jvm.dll+0x308bdb]
V  [jvm.dll+0x308b4a]
V  [jvm.dll+0x308a22]
V  [jvm.dll+0x30d986]
V  [jvm.dll+0x357093]
V  [jvm.dll+0x357796]
V  [jvm.dll+0x357193]
V  [jvm.dll+0x2e3448]
V  [jvm.dll+0x2e45f7]
V  [jvm.dll+0x7242e7]
V  [jvm.dll+0x725adc]
V  [jvm.dll+0x364629]
V  [jvm.dll+0x707cee]
V  [jvm.dll+0x3d2633]
V  [jvm.dll+0x3d4a21]
C  [jli.dll+0x536b]
C  [ucrtbase.dll+0x21bb2]
C  [KERNEL32.DLL+0x17614]
C  [ntdll.dll+0x526a1]


---------------  P R O C E S S  ---------------

Threads class SMR info:
_java_thread_list=0x0000018f37632db0, length=0, elements={
}

Java Threads: ( => current thread )

Other Threads:
  0x0000018f398d3800 GCTaskThread "GC Thread#0" [stack: 0x000000251ec00000,0x000000251ed00000] [id=12096]
  0x0000018f39930000 ConcurrentGCThread "G1 Main Marker" [stack: 0x000000251ed00000,0x000000251ee00000] [id=4076]
  0x0000018f39935000 ConcurrentGCThread "G1 Conc#0" [stack: 0x000000251ee00000,0x000000251ef00000] [id=13864]

[error occurred during error reporting (printing all threads), id 0xc0000005, EXCEPTION_ACCESS_VIOLATION (0xc0000005) at pc=0x00007ffe867a3dd7]

VM state:not at safepoint (not fully initialized)

VM Mutex/Monitor currently owned by a thread:  ([mutex/lock_event])
[0x0000018f398b9a70] Heap_lock - owner thread: 0x0000018f398bd800

Heap address: 0x0000000700a00000, size: 4086 MB, Compressed Oops mode: Non-zero based: 0x0000000700a00000
Narrow klass base: 0x0000000000000000, Narrow klass shift: 0

GC Heap History (0 events):
No events

Deoptimization events (0 events):
No events

Classes redefined (0 events):
No events

Internal exceptions (0 events):
No events

Events (1 events):
Event: 0.010 Loaded shared library D:\android studio\jre\bin\zip.dll


Dynamic libraries:
0x00007ff73e730000 - 0x00007ff73e73a000 	D:\android studio\jre\bin\java.exe
0x00007ffed8870000 - 0x00007ffed8a68000 	C:\Windows\SYSTEM32\ntdll.dll
0x00007ffed7e80000 - 0x00007ffed7f3f000 	C:\Windows\System32\KERNEL32.DLL
0x00007ffed6520000 - 0x00007ffed67f2000 	C:\Windows\System32\KERNELBASE.dll
0x00007ffed5f90000 - 0x00007ffed6090000 	C:\Windows\System32\ucrtbase.dll
0x00007ffec5670000 - 0x00007ffec5689000 	D:\android studio\jre\bin\jli.dll
0x00007ffec4ea0000 - 0x00007ffec4eb7000 	D:\android studio\jre\bin\VCRUNTIME140.dll
0x00007ffed7fe0000 - 0x00007ffed8181000 	C:\Windows\System32\USER32.dll
0x00007ffecb4f0000 - 0x00007ffecb78a000 	C:\Windows\WinSxS\amd64_microsoft.windows.common-controls_6595b64144ccf1df_6.0.19041.1110_none_60b5254171f9507e\COMCTL32.dll
0x00007ffed5f60000 - 0x00007ffed5f82000 	C:\Windows\System32\win32u.dll
0x00007ffed7f40000 - 0x00007ffed7fde000 	C:\Windows\System32\msvcrt.dll
0x00007ffed7d30000 - 0x00007ffed7d5b000 	C:\Windows\System32\GDI32.dll
0x00007ffed6410000 - 0x00007ffed651f000 	C:\Windows\System32\gdi32full.dll
0x00007ffed6340000 - 0x00007ffed63dd000 	C:\Windows\System32\msvcp_win.dll
0x00007ffed8790000 - 0x00007ffed87c2000 	C:\Windows\System32\IMM32.DLL
0x00007ffec0e50000 - 0x00007ffec0eed000 	D:\android studio\jre\bin\msvcp140.dll
0x00007ffe864b0000 - 0x00007ffe86fb2000 	D:\android studio\jre\bin\server\jvm.dll
0x00007ffed7af0000 - 0x00007ffed7b9e000 	C:\Windows\System32\ADVAPI32.dll
0x00007ffed6940000 - 0x00007ffed69dc000 	C:\Windows\System32\sechost.dll
0x00007ffed69f0000 - 0x00007ffed6b15000 	C:\Windows\System32\RPCRT4.dll
0x00007ffed77d0000 - 0x00007ffed77d8000 	C:\Windows\System32\PSAPI.DLL
0x00007ffecea70000 - 0x00007ffecea79000 	C:\Windows\SYSTEM32\WSOCK32.dll
0x00007ffec5c40000 - 0x00007ffec5c67000 	C:\Windows\SYSTEM32\WINMM.dll
0x00007ffed8720000 - 0x00007ffed878b000 	C:\Windows\System32\WS2_32.dll
0x00007ffed3e80000 - 0x00007ffed3e8a000 	C:\Windows\SYSTEM32\VERSION.dll
0x00007ffed3eb0000 - 0x00007ffed3ec2000 	C:\Windows\SYSTEM32\kernel.appcore.dll
0x00007ffec88f0000 - 0x00007ffec8901000 	D:\android studio\jre\bin\verify.dll
0x00007ffec2d80000 - 0x00007ffec2f64000 	C:\Windows\SYSTEM32\DBGHELP.DLL
0x00007ffec2d20000 - 0x00007ffec2d55000 	C:\Windows\SYSTEM32\dbgcore.DLL
0x00007ffed6260000 - 0x00007ffed62e2000 	C:\Windows\System32\bcryptPrimitives.dll
0x00007ffeaf120000 - 0x00007ffeaf149000 	D:\android studio\jre\bin\java.dll
0x00007ffecea50000 - 0x00007ffecea5b000 	D:\android studio\jre\bin\jimage.dll
0x00007ffeaf100000 - 0x00007ffeaf118000 	D:\android studio\jre\bin\zip.dll

dbghelp: loaded successfully - version: 4.0.5 - missing functions: none
symbol engine: initialized successfully - sym options: 0x614 - pdb path: .;D:\android studio\jre\bin;C:\Windows\SYSTEM32;C:\Windows\WinSxS\amd64_microsoft.windows.common-controls_6595b64144ccf1df_6.0.19041.1110_none_60b5254171f9507e;D:\android studio\jre\bin\server

VM Arguments:
jvm_args: -Dorg.gradle.appname=gradlew 
java_command: org.gradle.wrapper.GradleWrapperMain -q -Ptarget-platform=android-arm64 -Ptarget=D:\flutter_workspace\flutter_project\vedanta_lrms-v1.0.1\lib\main.dart -Pbase-application-name=android.app.Application -Pdart-defines=Zmx1dHRlci5pbnNwZWN0b3Iuc3RydWN0dXJlZEVycm9ycz10cnVl,RkxVVFRFUl9XRUJfQVVUT19ERVRFQ1Q9dHJ1ZQ== -Pdart-obfuscation=false -Ptrack-widget-creation=true -Ptree-shake-icons=false -Pfilesystem-scheme=org-dartlang-root assembleDebug
java_class_path (initial): D:\flutter_workspace\flutter_project\vedanta_lrms-v1.0.1\android\\gradle\wrapper\gradle-wrapper.jar
Launcher Type: SUN_STANDARD

[Global flags]
     intx CICompilerCount                          = 4                                         {product} {ergonomic}
     uint ConcGCThreads                            = 2                                         {product} {ergonomic}
     uint G1ConcRefinementThreads                  = 8                                         {product} {ergonomic}
   size_t G1HeapRegionSize                         = 1048576                                   {product} {ergonomic}
    uintx GCDrainStackTargetSize                   = 64                                        {product} {ergonomic}
   size_t InitialHeapSize                          = 268435456                                 {product} {ergonomic}
   size_t MarkStackSize                            = 4194304                                   {product} {ergonomic}
   size_t MaxHeapSize                              = 4284481536                                {product} {ergonomic}
   size_t MinHeapDeltaBytes                        = 1048576                                   {product} {ergonomic}
    uintx NonNMethodCodeHeapSize                   = 5836300                                {pd product} {ergonomic}
    uintx NonProfiledCodeHeapSize                  = 122910970                              {pd product} {ergonomic}
    uintx ProfiledCodeHeapSize                     = 122910970                              {pd product} {ergonomic}
    uintx ReservedCodeCacheSize                    = 251658240                              {pd product} {ergonomic}
     bool SegmentedCodeCache                       = true                                      {product} {ergonomic}
     bool UseCompressedClassPointers               = true                                 {lp64_product} {ergonomic}
     bool UseCompressedOops                        = true                                 {lp64_product} {ergonomic}
     bool UseG1GC                                  = true                                      {product} {ergonomic}
     bool UseLargePagesIndividualAllocation        = false                                  {pd product} {ergonomic}

Logging:
Log output configuration:
 #0: stdout all=warning uptime,level,tags
 #1: stderr all=off uptime,level,tags

Environment Variables:
JAVA_HOME=D:\android studio\jre
CLASSPATH=D:\flutter_workspace\flutter_project\vedanta_lrms-v1.0.1\android\\gradle\wrapper\gradle-wrapper.jar
PATH=C:\Windows\system32;C:\Windows;C:\Windows\System32\Wbem;C:\Windows\System32\WindowsPowerShell\v1.0\;C:\Windows\System32\OpenSSH\;D:\flutter\bin;C:\Users\Admin\AppData\Local\Microsoft\WindowsApps;D:\flutter\bin;;D:\flutter\bin\mingit\cmd
USERNAME=Admin
OS=Windows_NT
PROCESSOR_IDENTIFIER=Intel64 Family 6 Model 42 Stepping 7, GenuineIntel



---------------  S Y S T E M  ---------------

OS: Windows 10 , 64 bit Build 19041 (10.0.19041.2364)
OS uptime: 10 days 8:53 hours

CPU:total 8 (initial active 8) (4 cores per cpu, 2 threads per core) family 6 model 42 stepping 7 microcode 0x2f, cmov, cx8, fxsr, mmx, sse, sse2, sse3, ssse3, sse4.1, sse4.2, popcnt, avx, aes, clmul, ht, tsc, tscinvbit

Memory: 4k page, system-wide physical 16342M (596M free)
TotalPageFile size 29136M (AvailPageFile size 112M)
current process WorkingSet (physical memory assigned to process): 10M, peak: 10M
current process commit charge ("private bytes"): 60M, peak: 316M

vm_info: OpenJDK 64-Bit Server VM (11.0.13+0-b1751.21-8125866) for windows-amd64 JRE (11.0.13+0-b1751.21-8125866), built on Feb  2 2022 03:00:22 by "builder" with MS VC++ 14.0 (VS2015)

END.
